Bharuch:Na (region)
Bhavnagar:Na (region)
Cuddalore:Pondicherry (district)
Dhubri:West Bengal (district)
Erode:Pondicherry (district)
Jamnagar:Na (region)
Junagadh:Na (region)
Koch Bihar:Assam (district)
Mahoba:Madhya Pradesh (district)
Medinipur:Bihar (district)
Medinipur:West Bengal (district)
Moradabad:Uttar Pradesh (district)
Nagaur:Rajasthan (district)
Nawanshahr:Punjab (district)
Nellore:Andhra Pradesh (district)
North Cachar Hills:Assam (district)
Pakaur:Bihar (district)
Pashchim Champaran:Bihar (district)
Pashchimi Singhbhum:Bihar (district)
Pathanamthitta:Kerala (district)
Rajauri:Jammu & Kashmir (district)
Ramanathapuram:Na (region)
Sant Kabir Nagar:Uttar Pradesh (district)
Sant Ravidas Nagar:Uttar Pradesh (district)
Sibsagar:Assam (district)
Sindhudurg:Maharashtra (district)
Sivaganga:Tamil Nadu (district)
Sonapur:Orissa (district)
South  Twenty Four Parganas:Na (region)
Srikakulam:Na (region)
Thane:Na (region)
Tiruchirappalli:Tamil Nadu (district)
Uttarkashi:Uttarakhand (district)
Vadodara:Gujarat (district)
Viluppuram:Pondicherry (district)
